Tue 7 Feb 17:47:05 EET 2023
Cluster:  triton
Job Name:  Run.sh
Job ID:  13268056
On Node:  csl34
Samples Condition[%] Test[%] Test1[%] Time[s]
5e+07 50.000535 97.74251615507714 2.2574838449228594 6.9e+01
1e+08 49.998725 97.74201442136774 2.257985578632255 1.4e+02
1.5e+08 49.997582333333334 97.74043807598244 2.259561924017566 2.1e+02
2e+08 49.99920875 97.74059274488019 2.2594072551198123 2.8e+02
2.5e+08 49.9971268 97.74041095497512 2.2595890450248834 3.5e+02
3e+08 49.99532216666667 97.74014124181411 2.259858758185887 4.2e+02
3.5e+08 49.99591742857143 97.74006004410269 2.2599399558973134 4.9e+02
4e+08 49.99663375 97.74032761755686 2.259672382443148 5.6e+02
4.5e+08 49.99637333333333 97.74088836132469 2.259111638675303 6.2e+02
5e+08 49.9966552 97.74085667234796 2.2591433276520467 6.9e+02
5.5e+08 49.996880363636365 97.7408659555566 2.2591340444433983 7.6e+02
6e+08 49.997716 97.74073162995418 2.2592683700458105 8.3e+02
6.5e+08 49.99773623076923 97.74052062427916 2.259479375720843 9e+02
7e+08 49.998579285714285 97.74060951531894 2.2593904846810577 9.7e+02
7.5e+08 49.9982842 97.74076660548016 2.259233394519833 1e+03
8e+08 49.9987865625 97.74094567557536 2.259054324424636 1.1e+03
8.5e+08 49.99870047058823 97.7410102287035 2.258989771296503 1.2e+03
9e+08 49.99884411111111 97.74107677871496 2.2589232212850465 1.2e+03
9.5e+08 49.99849452631579 97.74098808760343 2.259011912396571 1.3e+03
1e+09 49.99818145 97.7411682440302 2.2588317559697964 1.4e+03
1e+09 49.998337523809525 97.74083393142305 2.2591660685769392 1.5e+03
1.1e+09 49.99840368181818 97.74092596689003 2.2590740331099717 1.5e+03
1.1e+09 49.998382 97.74086185081123 2.2591381491887685 1.6e+03
1.2e+09 49.998589375 97.74087543111477 2.259124568885233 1.7e+03
1.2e+09 49.99872052 97.74099179288358 2.259008207116417 1.7e+03
1.3e+09 49.99860846153846 97.7410928251834 2.2589071748166036 1.8e+03
1.3e+09 49.99900711111111 97.74107477239444 2.2589252276055567 1.9e+03
1.4e+09 49.998891392857146 97.74108384355971 2.258916156440294 1.9e+03
1.4e+09 49.99891889655172 97.7411937116588 2.258806288341208 2e+03
1.5e+09 49.99857326666667 97.74122874671521 2.2587712532847886 2.1e+03
1.5e+09 49.998484322580644 97.74117578508738 2.2588242149126208 2.1e+03
1.6e+09 49.99880109375 97.74115302458486 2.2588469754151324 2.2e+03
1.6e+09 49.998666303030305 97.7411936275236 2.2588063724764034 2.3e+03
1.7e+09 49.99853420588235 97.74114725032678 2.2588527496732267 2.4e+03
1.7e+09 49.9984916 97.74120277089091 2.2587972291090934 2.4e+03
1.8e+09 49.99840144444445 97.74116856042684 2.258831439573158 2.5e+03
1.8e+09 49.998655972972976 97.7411716057961 2.2588283942039 2.6e+03
1.9e+09 49.99866613157895 97.74122195227216 2.2587780477278447 2.6e+03
1.9e+09 49.99904148717949 97.74122654488754 2.258773455112461 2.7e+03
2e+09 49.999011025 97.7411597212687 2.2588402787312933 2.8e+03
2e+09 49.999122 97.74123399460554 2.2587660053944694 2.8e+03
2.1e+09 49.99930964285714 97.7412814802174 2.25871851978261 2.9e+03
2.1e+09 49.99952939534884 97.74126632198386 2.2587336780161436 3e+03
2.2e+09 49.99955779545454 97.7412770691036 2.258722930896394 3.1e+03
2.2e+09 49.999569533333336 97.74130410968974 2.2586958903102627 3.1e+03
2.3e+09 49.99961236956522 97.741387707254 2.2586122927459966 3.2e+03
2.3e+09 49.999665170212765 97.74145976908612 2.2585402309138782 3.3e+03
2.4e+09 49.999755791666665 97.74137138514807 2.2586286148519266 3.3e+03
2.4e+09 49.999665020408166 97.74135499044931 2.2586450095506883 3.4e+03
2.5e+09 49.99973438 97.74133840108613 2.258661598913878 3.5e+03
2.5e+09 49.99981978431372 97.74136632976389 2.258633670236103 3.5e+03
2.6e+09 49.99989042307692 97.74129954997109 2.2587004500289094 3.6e+03
2.6e+09 49.99994416981132 97.74132491191713 2.2586750880828625 3.7e+03
2.7e+09 50.00008438888889 97.7413208862225 2.2586791137775104 3.7e+03
2.8e+09 50.00017247272727 97.74131913667152 2.258680863328484 3.8e+03
2.8e+09 50.00002910714286 97.7413240291578 2.258675970842203 3.9e+03
2.8e+09 49.99999421052632 97.74124289635444 2.2587571036455594 3.9e+03
2.9e+09 50.00006827586207 97.74129911877776 2.258700881222245 4e+03
3e+09 50.00029581355932 97.74121746526494 2.258782534735058 4.1e+03
3e+09 50.00039468333333 97.74118299701514 2.2588170029848507 4.1e+03
3.1e+09 50.00024052459016 97.74124283294596 2.2587571670540476 4.2e+03
3.1e+09 50.00036537096774 97.7412010221204 2.2587989778795983 4.3e+03
3.2e+09 50.00025450793651 97.74121200552594 2.2587879944740625 4.3e+03
3.2e+09 50.00029265625 97.74117150245554 2.2588284975444504 4.4e+03
3.3e+09 50.00028593846154 97.74118667147832 2.258813328521685 4.5e+03
3.3e+09 50.00009583333333 97.7412084505626 2.258791549437409 4.5e+03
3.4e+09 50.00009429850746 97.74117984215694 2.2588201578430573 4.6e+03
3.4e+09 50.00015130882353 97.74113268867228 2.258867311327716 4.7e+03
3.5e+09 50.00011101449275 97.74109278354472 2.258907216455282 4.7e+03
3.5e+09 50.000079742857146 97.74103145987497 2.2589685401250312 4.8e+03
3.6e+09 50.00009807042254 97.74104936030234 2.2589506396976606 4.9e+03
3.6e+09 50.000051194444445 97.74105153513446 2.258948464865544 4.9e+03
3.7e+09 50.00010173972603 97.74105002115657 2.2589499788434266 5e+03
3.7e+09 50.00013135135135 97.74109147475428 2.258908525245712 5.1e+03
3.8e+09 50.00007286666666 97.741065638687 2.2589343613129906 5.1e+03
3.8e+09 50.0001255 97.74103793315268 2.2589620668473174 5.2e+03
3.9e+09 50.000209272727275 97.74103410414973 2.258965895850274 5.3e+03
3.9e+09 50.000188384615385 97.7410501520536 2.2589498479463934 5.4e+03
4e+09 50.00023210126582 97.74106620754684 2.25893379245316 5.4e+03
4e+09 50.0002318125 97.74106794797373 2.2589320520262737 5.5e+03
4.1e+09 50.00029661728395 97.74104836384494 2.258951636155059 5.6e+03
4.1e+09 50.00031542682927 97.74107720171664 2.2589227982833715 5.6e+03
4.2e+09 50.00026534939759 97.74107613266006 2.2589238673399388 5.7e+03
4.2e+09 50.00027729761905 97.74109014685409 2.2589098531459024 5.8e+03
4.3e+09 50.00026067058823 97.74108909427974 2.2589109057202497 5.8e+03
4.3e+09 50.00030174418605 97.74108300439443 2.2589169956055732 5.9e+03
4.4e+09 50.000231908045976 97.74107585656402 2.258924143435973 6e+03
4.4e+09 50.000177625 97.74105463853977 2.2589453614602397 6e+03
4.5e+09 50.00033761797753 97.74109799449157 2.2589020055084355 6.1e+03
4.5e+09 50.00032387777778 97.74107376565351 2.2589262343464878 6.2e+03
4.6e+09 50.000177197802195 97.74104117048596 2.258958829514038 6.2e+03
4.6e+09 50.00013033695652 97.74102601899065 2.2589739810093463 6.3e+03
4.7e+09 50.00010290322581 97.74099867067585 2.2590013293241458 6.4e+03
4.7e+09 50.000051936170216 97.7410038358339 2.258996164166112 6.4e+03
4.8e+09 50.00006690526316 97.74097266492163 2.25902733507837 6.5e+03
4.8e+09 50.000003177083336 97.74093876854451 2.259061231455484 6.6e+03
4.9e+09 50.000030762886595 97.74086477139372 2.2591352286062842 6.6e+03
4.9e+09 50.00006168367347 97.74085509316959 2.259144906830416 6.7e+03
5e+09 50.00011614141414 97.74087219706091 2.259127802939095 6.8e+03
5e+09 50.00013249 97.74087490622968 2.2591250937703267 6.8e+03
5.1e+09 50.00019674257426 97.74085506761762 2.259144932382386 6.9e+03
5.1e+09 50.00019540196078 97.74083114264597 2.2591688573540205 7e+03
5.2e+09 50.00014188349515 97.74086004176142 2.2591399582385727 7.1e+03
5.2e+09 50.000177259615384 97.74086972058976 2.25913027941025 7.1e+03
5.3e+09 50.00018611428571 97.74091158992489 2.259088410075103 7.2e+03
5.3e+09 50.00023625471698 97.74092563660363 2.259074363396362 7.3e+03
5.4e+09 50.00029285981309 97.74091732534855 2.2590826746514594 7.3e+03
5.4e+09 50.00035578703704 97.7409342786297 2.2590657213703067 7.4e+03
5.5e+09 50.000357440366976 97.74093710373386 2.2590628962661463 7.5e+03
5.5e+09 50.00037122727273 97.74092637259483 2.259073627405168 7.5e+03
5.6e+09 50.00037968468469 97.7409597490543 2.259040250945698 7.6e+03
5.6e+09 50.00038055357143 97.74093603318293 2.2590639668170724 7.7e+03
5.7e+09 50.00032844247787 97.74094119339975 2.259058806600257 7.8e+03
5.7e+09 50.0003333245614 97.74094276173965 2.2590572382603513 7.8e+03
5.8e+09 50.00027005217391 97.74094957514261 2.259050424857392 7.9e+03
5.8e+09 50.00026227586207 97.74096912564747 2.259030874352531 8e+03
5.9e+09 50.000235555555555 97.74097124082608 2.259028759173914 8e+03
5.9e+09 50.000225601694915 97.74098522664954 2.2590147733504606 8.1e+03
6e+09 50.0001808487395 97.74096354902915 2.259036450970847 8.2e+03
6e+09 50.000184583333336 97.74095853962805 2.259041460371942 8.3e+03
6.1e+09 50.00020207438016 97.74096453482251 2.259035465177494 8.3e+03
6.1e+09 50.00019508196721 97.74094683040417 2.25905316959583 8.4e+03
6.2e+09 50.00020450406504 97.74095322342481 2.2590467765751843 8.5e+03
6.2e+09 50.00015683064516 97.7409266019678 2.259073398032198 8.5e+03
6.3e+09 50.00023928 97.7409344909839 2.2590655090161 8.6e+03
6.3e+09 50.00034561111111 97.74095509121089 2.2590449087891042 8.7e+03
6.4e+09 50.000373236220476 97.74095591825962 2.2590440817403907 8.8e+03
6.4e+09 50.0003219453125 97.74098067061368 2.259019329386321 8.8e+03
6.5e+09 50.00035534883721 97.74099002372361 2.259009976276386 8.9e+03
6.5e+09 50.00035642307692 97.74098318023759 2.2590168197624085 9e+03
6.6e+09 50.00030221374046 97.74097878391602 2.259021216083978 9e+03
6.6e+09 50.00030138636364 97.7409644956378 2.2590355043622017 9.1e+03
6.7e+09 50.00031362406015 97.74094469619772 2.2590553038022807 9.2e+03
6.7e+09 50.00029202238806 97.74094264166769 2.2590573583323152 9.3e+03
6.8e+09 50.00033588148148 97.74092948671013 2.259070513289873 9.3e+03
6.8e+09 50.00035177205882 97.74094399639681 2.2590560036031957 9.4e+03
6.9e+09 50.00035394160584 97.74095168485442 2.2590483151455762 9.5e+03
6.9e+09 50.00037036956522 97.74092590775884 2.25907409224117 9.6e+03
7e+09 50.000330366906475 97.74090541581042 2.2590945841895826 9.6e+03
7e+09 50.000331692857145 97.7409121721802 2.2590878278197914 9.7e+03
7.1e+09 50.00033165248227 97.74094221848497 2.2590577815150303 9.8e+03
7.1e+09 50.00028945070422 97.74094068336001 2.2590593166399953 9.8e+03
7.2e+09 50.000277622377624 97.74094539642905 2.2590546035709425 9.9e+03
7.2e+09 50.000290909722224 97.74091737989306 2.259082620106939 1e+04
7.3e+09 50.000265606896555 97.74092855222327 2.2590714477767353 1e+04
7.3e+09 50.00024745205479 97.74096542663028 2.259034573369717 1e+04
7.4e+09 50.00026663265306 97.74095803308161 2.2590419669183817 1e+04
7.4e+09 50.00026411486486 97.74095189242317 2.2590481075768274 1e+04
7.5e+09 50.0002533557047 97.74093676236741 2.2590632376325877 1e+04
7.5e+09 50.000268733333336 97.74095783493196 2.2590421650680437 1e+04
7.6e+09 50.00025495364238 97.74093830057713 2.2590616994228734 1e+04
7.6e+09 50.000256710526315 97.7409458484596 2.2590541515403957 1.1e+04
7.7e+09 50.00021826143791 97.74096254095384 2.259037459046156 1.1e+04
7.7e+09 50.00020173376623 97.74096790666884 2.259032093331163 1.1e+04
7.8e+09 50.00017838064516 97.74099440764459 2.2590055923554035 1.1e+04
7.8e+09 50.00019288461539 97.74099174019982 2.2590082598001877 1.1e+04
7.9e+09 50.00018870063694 97.74098448733676 2.2590155126632383 1.1e+04
7.9e+09 50.00022505063291 97.74101193988575 2.258988060114248 1.1e+04
8e+09 50.00022796226415 97.74102920486231 2.2589707951376803 1.1e+04
8e+09 50.00025940625 97.74104625723439 2.2589537427656134 1.1e+04
8.1e+09 50.00027899378882 97.74104943696166 2.2589505630383364 1.1e+04
8.1e+09 50.00025661728395 97.74105326036221 2.258946739637795 1.1e+04
8.2e+09 50.000217668711656 97.74106453337795 2.258935466622042 1.1e+04
8.2e+09 50.00024420121951 97.74108443503773 2.258915564962261 1.1e+04
8.3e+09 50.00023421818182 97.74108219371364 2.2589178062863584 1.2e+04
8.3e+09 50.00020537951807 97.74106361613471 2.2589363838652847 1.2e+04
8.4e+09 50.00014726347305 97.7410504376463 2.258949562353702 1.2e+04
8.4e+09 50.00008580952381 97.74105169821414 2.2589483017858667 1.2e+04
8.5e+09 50.000080810650886 97.74104417166387 2.2589558283361244 1.2e+04
8.5e+09 50.00009781764706 97.74105257223962 2.258947427760379 1.2e+04
8.6e+09 50.00012088888889 97.74103819850976 2.2589618014902504 1.2e+04
8.6e+09 50.00014706976744 97.7410288305738 2.2589711694261974 1.2e+04
8.7e+09 50.00014897687861 97.74101180588471 2.258988194115292 1.2e+04
8.7e+09 50.000149770114945 97.7410289389409 2.2589710610590976 1.2e+04
8.8e+09 50.00013605714286 97.74103399839777 2.2589660016022286 1.2e+04
8.8e+09 50.000159289772725 97.74101794665475 2.2589820533452425 1.2e+04
8.9e+09 50.00022681920904 97.74101591993603 2.2589840800639704 1.2e+04
8.9e+09 50.00021519662921 97.7410081158072 2.258991884192795 1.2e+04
9e+09 50.00020383798883 97.74102215903066 2.2589778409693313 1.3e+04
9e+09 50.000180633333336 97.74101529429208 2.25898470570792 1.3e+04
9.1e+09 50.00013080110497 97.74101985429337 2.2589801457066354 1.3e+04
9.1e+09 50.00010228021978 97.7410219176788 2.2589780823212084 1.3e+04
9.2e+09 50.00008194535519 97.74100362578247 2.258996374217527 1.3e+04
9.2e+09 50.00010420652174 97.74099295806533 2.2590070419346717 1.3e+04
9.3e+09 50.000116697297294 97.74099485077429 2.2590051492257115 1.3e+04
9.3e+09 50.00010747311828 97.7409900384526 2.259009961547405 1.3e+04
9.4e+09 50.000138144385026 97.74098838043285 2.259011619567148 1.3e+04
9.4e+09 50.000104239361704 97.74099859251602 2.2590014074839804 1.3e+04
9.5e+09 50.000137793650794 97.74101024665292 2.2589897533470746 1.3e+04
9.5e+09 50.0001467 97.74101410154884 2.2589858984511633 1.3e+04
9.6e+09 50.00015287958115 97.74099771338919 2.2590022866108095 1.3e+04
9.6e+09 50.0001688125 97.74101289773854 2.2589871022614627 1.3e+04
9.7e+09 50.00020267357513 97.741000275962 2.2589997240380097 1.4e+04
9.7e+09 50.000158108247426 97.74099828766593 2.25900171233407 1.4e+04
9.8e+09 50.00014985641025 97.74098140646578 2.2590185935342215 1.4e+04
9.8e+09 50.00012110714286 97.74096640027352 2.259033599726474 1.4e+04
9.9e+09 50.000144223350254 97.74098538914956 2.2590146108504445 1.4e+04
9.9e+09 50.00010765151515 97.74097932838643 2.259020671613574 1.4e+04
1e+10 50.00013806030151 97.74097944365133 2.2590205563486667 1.4e+04
1e+10 50.00016804 97.74099245207256 2.2590075479274327 1.4e+04
1e+10 50.00015736318408 97.74097971669767 2.2590202833023323 1.4e+04
1e+10 50.00017809405941 97.74098176912682 2.2590182308731825 1.4e+04
1e+10 50.00019994581281 97.74098444248104 2.259015557518969 1.4e+04
1e+10 50.000223328431375 97.74098603121739 2.2590139687826074 1.4e+04
1e+10 50.000192175609754 97.74097707282607 2.2590229271739277 1.4e+04
1e+10 50.0001652038835 97.74097256108949 2.259027438910505 1.4e+04
1e+10 50.000145009661836 97.74097217480562 2.259027825194374 1.5e+04
1e+10 50.000155346153846 97.74096384557464 2.259036154425363 1.5e+04
1e+10 50.000178497607656 97.74096812205198 2.2590318779480154 1.5e+04
1.1e+10 50.00021359047619 97.74097865010891 2.259021349891083 1.5e+04
1.1e+10 50.00025163033175 97.7409877952601 2.2590122047399053 1.5e+04
1.1e+10 50.00022433490566 97.74098287137694 2.2590171286230545 1.5e+04
1.1e+10 50.00022315492958 97.74100262672893 2.258997373271066 1.5e+04
1.1e+10 50.00024761214953 97.74098042085873 2.2590195791412637 1.5e+04
1.1e+10 50.00021098139535 97.74098902986015 2.2590109701398497 1.5e+04
1.1e+10 50.00021638888889 97.74100915604001 2.2589908439599955 1.5e+04
1.1e+10 50.000213096774196 97.7410258395837 2.258974160416302 1.5e+04
1.1e+10 50.000175981651374 97.74102118930854 2.2589788106914592 1.5e+04
1.1e+10 50.00022199543379 97.74104462316288 2.2589553768371182 1.5e+04
1.1e+10 50.000270831818185 97.74103754506909 2.2589624549309133 1.5e+04
1.1e+10 50.00027398642534 97.74104558207682 2.258954417923171 1.6e+04
1.1e+10 50.00030255855856 97.7410446242806 2.2589553757193985 1.6e+04
1.1e+10 50.000347914798205 97.7410459695918 2.2589540304082107 1.6e+04
1.1e+10 50.00035545982143 97.74104365757864 2.2589563424213526 1.6e+04
1.1e+10 50.000378053333336 97.74104431567008 2.2589556843299183 1.6e+04
1.1e+10 50.000394433628315 97.7410616430339 2.258938356966105 1.6e+04
1.1e+10 50.000408581497794 97.74107382474757 2.2589261752524314 1.6e+04
1.1e+10 50.00042844736842 97.74104906735796 2.2589509326420347 1.6e+04
1.1e+10 50.00041132751092 97.74105674924895 2.2589432507510425 1.6e+04
1.2e+10 50.00039006956522 97.74104656211014 2.258953437889858 1.6e+04
1.2e+10 50.00038906060606 97.7410467029359 2.258953297064098 1.6e+04
1.2e+10 50.000453211206896 97.74104720841304 2.2589527915869594 1.6e+04
1.2e+10 50.000451785407726 97.74105942400332 2.2589405759966805 1.6e+04
1.2e+10 50.0004734017094 97.74106482357291 2.258935176427085 1.6e+04
1.2e+10 50.00048050212766 97.74105730002483 2.2589426999751665 1.7e+04
1.2e+10 50.000479919491525 97.74104956364283 2.2589504363571717 1.7e+04
1.2e+10 50.0004836371308 97.74104813717979 2.2589518628202176 1.7e+04
1.2e+10 50.00044632773109 97.7410510805973 2.2589489194026964 1.7e+04
1.2e+10 50.00043430543933 97.7410425336842 2.258957466315812 1.7e+04
1.2e+10 50.000444116666664 97.74105338971677 2.258946610283225 1.7e+04
1.2e+10 50.000479265560166 97.74104529593735 2.2589547040626403 1.7e+04
1.2e+10 50.00045996280992 97.7410312684354 2.2589687315645883 1.7e+04
1.2e+10 50.000456127572015 97.7410389367066 2.258961063293391 1.7e+04
1.2e+10 50.00046849180328 97.74103387925699 2.258966120743017 1.7e+04
1.2e+10 50.00050892244898 97.74102225003263 2.258977749967369 1.7e+04
1.2e+10 50.00052061382114 97.74103529332268 2.2589647066773213 1.7e+04
1.2e+10 50.00051468016194 97.74104561715262 2.258954382847379 1.7e+04
1.2e+10 50.000511298387096 97.74103879361282 2.2589612063871862 1.7e+04
1.2e+10 50.000505963855424 97.7410444252625 2.258955574737503 1.8e+04
1.3e+10 50.000465788 97.74105186781865 2.2589481321813483 1.8e+04
1.3e+10 50.000483366533864 97.74105166270175 2.258948337298245 1.8e+04
1.3e+10 50.00050597222222 97.74104838314491 2.2589516168550867 1.8e+04
1.3e+10 50.000515019762844 97.74103369512328 2.2589663048767172 1.8e+04
1.3e+10 50.00048416929134 97.74103721299092 2.258962787009088 1.8e+04
1.3e+10 50.0005017372549 97.74103433088978 2.258965669110227 1.8e+04
1.3e+10 50.0005287265625 97.7410326922079 2.258967307792111 1.8e+04
1.3e+10 50.00054073929961 97.74104465579954 2.258955344200453 1.8e+04
1.3e+10 50.000565670542635 97.74102814582398 2.258971854176022 1.8e+04
1.3e+10 50.000568494208494 97.74102607809422 2.2589739219057714 1.8e+04
1.3e+10 50.00058831538462 97.74102613362774 2.2589738663722656 1.8e+04
1.3e+10 50.00058444827586 97.74102761577828 2.2589723842217273 1.8e+04
1.3e+10 50.00057722519084 97.74103917781848 2.258960822181525 1.9e+04
1.3e+10 50.0005871026616 97.74104503427516 2.2589549657248407 1.9e+04
1.3e+10 50.00064425757576 97.74102979656728 2.258970203432721 1.9e+04
1.3e+10 50.00063377735849 97.74103711660945 2.2589628833905486 1.9e+04
1.3e+10 50.000643872180454 97.7410377964253 2.2589622035746912 1.9e+04
1.3e+10 50.000672194756554 97.74104242162325 2.2589575783767537 1.9e+04
1.3e+10 50.00068743656716 97.74104708758746 2.258952912412544 1.9e+04
1.3e+10 50.000680349442376 97.74105691585201 2.258943084147985 1.9e+04
1.4e+10 50.00066914074074 97.74105591991919 2.2589440800808105 1.9e+04
1.4e+10 50.00063850922509 97.74105828621686 2.258941713783145 1.9e+04
1.4e+10 50.00066720220588 97.7410561287408 2.258943871259205 1.9e+04
1.4e+10 50.00063493772894 97.74104582876177 2.2589541712382317 1.9e+04
1.4e+10 50.00061226642336 97.7410419463549 2.258958053645107 1.9e+04
1.4e+10 50.00065160727273 97.74103582460425 2.2589641753957443 1.9e+04
1.4e+10 50.000642050724636 97.74103344220491 2.258966557795084 2e+04
1.4e+10 50.000630588447656 97.74104157249425 2.2589584275057466 2e+04
1.4e+10 50.000687683453236 97.74105376664066 2.2589462333593446 2e+04
1.4e+10 50.00067934408602 97.74105895002937 2.2589410499706246 2e+04
1.4e+10 50.000673425 97.74104506759166 2.25895493240835 2e+04
1.4e+10 50.00065918505338 97.74105105532897 2.258948944671034 2e+04
1.4e+10 50.000667127659575 97.74104118283137 2.258958817168633 2e+04
1.4e+10 50.00067593992933 97.74103419928106 2.258965800718941 2e+04
1.4e+10 50.000671098591546 97.74102193261605 2.2589780673839566 2e+04
1.4e+10 50.00066289122807 97.74101413871192 2.25898586128808 2e+04
1.4e+10 50.00065756643357 97.74099272293319 2.2590072770668144 2e+04
1.4e+10 50.00062012195122 97.74099968261892 2.2590003173810813 2e+04
1.4e+10 50.000580704861115 97.74100100012289 2.2589989998771016 2e+04
1.4e+10 50.00057071280277 97.74099801320081 2.259001986799191 2e+04
1.5e+10 50.0005565862069 97.74100059483406 2.2589994051659317 2.1e+04
1.5e+10 50.000584374570444 97.7409957766629 2.2590042233371004 2.1e+04
1.5e+10 50.000596089041096 97.74099891076791 2.259001089232083 2.1e+04
1.5e+10 50.00059315017065 97.74101098952062 2.258989010479379 2.1e+04
1.5e+10 50.00055690816327 97.74100809299347 2.2589919070065356 2.1e+04
1.5e+10 50.00054418305085 97.74100949456148 2.258990505438522 2.1e+04
1.5e+10 50.00055042905405 97.74102351001774 2.258976489982258 2.1e+04
1.5e+10 50.00052342760943 97.74104013288775 2.2589598671122544 2.1e+04
1.5e+10 50.00055963758389 97.74102671365725 2.2589732863427576 2.1e+04
1.5e+10 50.00055449498328 97.74102645647221 2.2589735435277807 2.1e+04
1.5e+10 50.00055410666667 97.74102570758764 2.2589742924123617 2.1e+04
1.5e+10 50.000576013289034 97.7410181104505 2.258981889549501 2.1e+04
1.5e+10 50.00056402649007 97.74102552216402 2.258974477835983 2.1e+04
1.5e+10 50.00057594719472 97.74102536753671 2.258974632463296 2.1e+04
1.5e+10 50.000594210526316 97.74103631310528 2.2589636868947105 2.2e+04
1.5e+10 50.00060938360656 97.74103867246362 2.2589613275363765 2.2e+04
1.5e+10 50.00061760130719 97.74103042572706 2.2589695742729434 2.2e+04
1.5e+10 50.0006111791531 97.7410323097476 2.2589676902524003 2.2e+04
1.5e+10 50.000556305194806 97.74102317906535 2.258976820934646 2.2e+04
1.5e+10 50.00054917152104 97.7410276073826 2.2589723926173986 2.2e+04
1.6e+10 50.000536496774195 97.74103145149002 2.2589685485099884 2.2e+04
1.6e+10 50.00053140192926 97.74103623343446 2.2589637665655404 2.2e+04
1.6e+10 50.00051716987179 97.7410319359173 2.2589680640826977 2.2e+04
1.6e+10 50.000529987220446 97.74102070498654 2.2589792950134613 2.2e+04
1.6e+10 50.000529136942674 97.74101633935517 2.258983660644826 2.2e+04
1.6e+10 50.00051973650794 97.7410204211657 2.258979578834304 2.2e+04
1.6e+10 50.000511708860756 97.74103077059016 2.2589692294098485 2.2e+04
1.6e+10 50.00051160883281 97.74102328459581 2.2589767154041827 2.2e+04
1.6e+10 50.000535886792456 97.74101744388273 2.2589825561172736 2.3e+04
1.6e+10 50.00053775862069 97.74101669700882 2.258983302991178 2.3e+04
1.6e+10 50.000534884375 97.7410212345989 2.2589787654010984 2.3e+04
1.6e+10 50.00052598753894 97.74101214405157 2.2589878559484378 2.3e+04
1.6e+10 50.00052355279503 97.74101302043857 2.258986979561431 2.3e+04
1.6e+10 50.000519399380806 97.74101156541509 2.2589884345849094 2.3e+04
1.6e+10 50.00049524382716 97.74100530716231 2.2589946928376903 2.3e+04
1.6e+10 50.000505153846156 97.74099973977647 2.259000260223525 2.3e+04
1.6e+10 50.000505840490796 97.74099866983775 2.2590013301622487 2.3e+04
1.6e+10 50.0005004617737 97.74100462916523 2.258995370834775 2.3e+04
1.6e+10 50.00049703048781 97.74100351068059 2.2589964893194105 2.3e+04
1.6e+10 50.00049839817629 97.74100787317423 2.2589921268257744 2.3e+04
1.7e+10 50.00050321212121 97.74100657748168 2.2589934225183184 2.3e+04
1.7e+10 50.00050069486405 97.74101297775947 2.258987022240532 2.3e+04
1.7e+10 50.00051485843373 97.7410198032688 2.2589801967312066 2.4e+04
1.7e+10 50.00050757057057 97.74102300988288 2.258976990117126 2.4e+04
1.7e+10 50.000524200598804 97.7410269944773 2.258973005522711 2.4e+04
1.7e+10 50.00052000298508 97.74103507545964 2.258964924540369 2.4e+04
1.7e+10 50.00050419642857 97.74103577328152 2.2589642267184735 2.4e+04
1.7e+10 50.000491181008904 97.74103379953455 2.258966200465446 2.4e+04
1.7e+10 50.000508180473375 97.74103751542552 2.2589624845744876 2.4e+04
1.7e+10 50.000506321533926 97.74103233840627 2.258967661593726 2.4e+04
1.7e+10 50.00052625882353 97.74102625845022 2.2589737415497866 2.4e+04
1.7e+10 50.00053457771261 97.74101973558777 2.258980264412236 2.4e+04
1.7e+10 50.000560090643276 97.74101757955214 2.2589824204478584 2.4e+04
1.7e+10 50.00057176093294 97.74101685820524 2.2589831417947597 2.4e+04
1.7e+10 50.00057793895349 97.74101074487865 2.2589892551213486 2.4e+04
1.7e+10 50.00058617101449 97.74101096423732 2.258989035762683 2.5e+04
1.7e+10 50.000595349710984 97.74100583424666 2.258994165753341 2.5e+04
1.7e+10 50.000578737752164 97.7410047121586 2.258995287841401 2.5e+04
1.7e+10 50.00059072413793 97.7410130393372 2.2589869606627886 2.5e+04
1.7e+10 50.000601008595986 97.7410084199428 2.258991580057198 2.5e+04
1.8e+10 50.00059049714286 97.74101427277807 2.258985727221932 2.5e+04
1.8e+10 50.00054195441596 97.74100494128741 2.2589950587125904 2.5e+04
1.8e+10 50.00054577272727 97.74100405001306 2.258995949986935 2.5e+04
1.8e+10 50.00053539660057 97.74101029675688 2.258989703243118 2.5e+04
1.8e+10 50.00051645480226 97.74101500558936 2.258984994410644 2.5e+04
1.8e+10 50.0005185943662 97.74101786371101 2.258982136288999 2.5e+04
1.8e+10 50.0005336994382 97.74102976390832 2.2589702360916886 2.5e+04
1.8e+10 50.00052482352941 97.74103148150473 2.2589685184952626 2.5e+04
1.8e+10 50.00052893854748 97.74102874071495 2.258971259285047 2.5e+04
1.8e+10 50.000531058495824 97.74103180347001 2.258968196529991 2.6e+04
1.8e+10 50.00050539722222 97.74102453359852 2.258975466401484 2.6e+04
1.8e+10 50.000485412742385 97.74102627418293 2.258973725817071 2.6e+04
1.8e+10 50.000480638121545 97.74101583662505 2.258984163374941 2.6e+04
1.8e+10 50.000478961432506 97.7410172591469 2.258982740853098 2.6e+04
1.8e+10 50.00050145054945 97.74101327078735 2.2589867292126535 2.6e+04
1.8e+10 50.00051077534246 97.74101511503173 2.2589848849682705 2.6e+04
1.8e+10 50.0005291420765 97.7410107425909 2.258989257409097 2.6e+04
1.8e+10 50.00051692643052 97.74100607401938 2.2589939259806164 2.6e+04
1.8e+10 50.00051019293478 97.74099992551756 2.2590000744824463 2.6e+04
1.8e+10 50.000484344173444 97.74099521604943 2.259004783950569 2.6e+04
1.9e+10 50.00047791891892 97.74099659240933 2.259003407590672 2.6e+04
1.9e+10 50.00048409973046 97.74099142966028 2.2590085703397174 2.6e+04
1.9e+10 50.00046086021506 97.74098762285386 2.2590123771461323 2.6e+04
1.9e+10 50.00044618498659 97.74098586921956 2.2590141307804426 2.7e+04
1.9e+10 50.00043189037433 97.74098215467248 2.2590178453275134 2.7e+04
1.9e+10 50.00044807733333 97.7409858762605 2.2590141237395094 2.7e+04
1.9e+10 50.000423728723405 97.74098407504974 2.2590159249502557 2.7e+04
1.9e+10 50.000439713527854 97.7409843120185 2.2590156879815053 2.7e+04
1.9e+10 50.00043970899471 97.74098766510265 2.2590123348973448 2.7e+04
1.9e+10 50.00043744591029 97.7409892467499 2.2590107532500894 2.7e+04
1.9e+10 50.000412347368425 97.74098941415193 2.2590105858480674 2.7e+04
1.9e+10 50.000404362204726 97.74099733472276 2.259002665277238 2.7e+04
1.9e+10 50.00038385863874 97.74100975627097 2.258990243729037 2.7e+04
1.9e+10 50.00040362663185 97.7410136717722 2.258986328227807 2.7e+04
1.9e+10 50.00042183072917 97.7410120634189 2.2589879365810974 2.7e+04
1.9e+10 50.00041942597402 97.74101427422109 2.2589857257789085 2.7e+04
1.9e+10 50.00041120725388 97.741017966797 2.2589820332029946 2.7e+04
1.9e+10 50.00040489664082 97.74102723357817 2.2589727664218278 2.8e+04
1.9e+10 50.00041902061856 97.74102990017313 2.2589700998268643 2.8e+04
1.9e+10 50.00040150642673 97.7410274714593 2.2589725285407023 2.8e+04
2e+10 50.000387464102566 97.74102781310494 2.25897218689507 2.8e+04
2e+10 50.00037440153453 97.74102806614631 2.2589719338536898 2.8e+04
2e+10 50.0003944005102 97.74102846674968 2.2589715332503113 2.8e+04
2e+10 50.00039029007634 97.74102646261562 2.2589735373843736 2.8e+04
2e+10 50.00039760659899 97.74102796871988 2.2589720312801265 2.8e+04
2e+10 50.00042063037975 97.74101433054228 2.2589856694577217 2.8e+04
2e+10 50.000402775252525 97.74101768209195 2.2589823179080444 2.8e+04
2e+10 50.00040179093199 97.74100720575314 2.2589927942468715 2.8e+04
2e+10 50.00041024874372 97.74100517821184 2.2589948217881655 2.8e+04
2e+10 50.000392145363406 97.7409984188943 2.2590015811056947 2.8e+04
2e+10 50.00039049 97.74099133740586 2.259008662594147 2.8e+04
2e+10 50.00041190773067 97.74099331328826 2.259006686711747 2.9e+04
2e+10 50.000409427860696 97.74098903037888 2.25901096962112 2.9e+04
2e+10 50.000414039702235 97.74099217039843 2.2590078296015665 2.9e+04
2e+10 50.00042187128713 97.74098371374751 2.259016286252487 2.9e+04
2e+10 50.0004028345679 97.74098145947441 2.2590185405255876 2.9e+04
2e+10 50.00038832758621 97.74097682068243 2.259023179317563 2.9e+04
2e+10 50.00038973955774 97.74098076337432 2.259019236625681 2.9e+04
2e+10 50.00036362745098 97.74097960530715 2.259020394692855 2.9e+04
2e+10 50.000354982885085 97.74098685484599 2.2590131451540088 2.9e+04
2.1e+10 50.00034891219512 97.74097719328041 2.259022806719581 2.9e+04
2.1e+10 50.000345936739656 97.74098300180228 2.2590169981977226 2.9e+04
2.1e+10 50.0003426092233 97.74098077533294 2.2590192246670555 2.9e+04
2.1e+10 50.00033333898305 97.74098450345784 2.25901549654216 2.9e+04
2.1e+10 50.000336492753625 97.74098248305373 2.259017516946268 2.9e+04
2.1e+10 50.00033869156626 97.74097903234748 2.259020967652523 3e+04
2.1e+10 50.00031609375 97.74097985335837 2.259020146641626 3e+04
2.1e+10 50.000308676258996 97.74098431539477 2.259015684605233 3e+04
2.1e+10 50.00030126555024 97.74097469266975 2.259025307330243 3e+04
2.1e+10 50.00028487589499 97.7409750378996 2.2590249621004035 3e+04
2.1e+10 50.00029642857143 97.7409679547376 2.259032045262398 3e+04
2.1e+10 50.00028656057007 97.74096786385535 2.2590321361446573 3e+04
2.1e+10 50.00027622511848 97.74096510563605 2.259034894363956 3e+04
2.1e+10 50.00027605910166 97.74096181535063 2.2590381846493646 3e+04
2.1e+10 50.00027585377359 97.74096448685432 2.259035513145675 3e+04
2.1e+10 50.000274872941176 97.74096211779127 2.2590378822087325 3e+04
2.1e+10 50.00027163615024 97.74096700509489 2.2590329949051142 3e+04
2.1e+10 50.00027218969555 97.74096581528094 2.2590341847190576 3e+04
2.1e+10 50.00026291588785 97.74096184135729 2.2590381586427144 3.1e+04
2.1e+10 50.00025464102564 97.74095765408134 2.2590423459186524 3.1e+04
2.2e+10 50.00025594883721 97.74095816398263 2.2590418360173774 3.1e+04
2.2e+10 50.00026538515081 97.74095089987448 2.2590491001255164 3.1e+04
2.2e+10 50.00026843055556 97.74095893346852 2.2590410665314744 3.1e+04
2.2e+10 50.00026879214781 97.74095843986467 2.259041560135332 3.1e+04
2.2e+10 50.000258039170504 97.74095953860287 2.259040461397132 3.1e+04
2.2e+10 50.00025440689655 97.74095961844698 2.259040381553016 3.1e+04
2.2e+10 50.00023710550459 97.7409554970414 2.259044502958595 3.1e+04
2.2e+10 50.000240990846684 97.7409454603117 2.2590545396882957 3.1e+04
2.2e+10 50.00025189954338 97.74094461854331 2.2590553814566965 3.1e+04
2.2e+10 50.00024286332574 97.74094890447611 2.2590510955238883 3.1e+04
2.2e+10 50.00024591363636 97.74094739245501 2.259052607544989 3.1e+04
2.2e+10 50.00021960317461 97.74094736861461 2.259052631385393 3.1e+04
2.2e+10 50.000216762443436 97.74094324153705 2.2590567584629424 3.2e+04
2.2e+10 50.00023381941309 97.74093184193218 2.2590681580678127 3.2e+04
2.2e+10 50.00024713963964 97.74092870666185 2.2590712933381525 3.2e+04
2.2e+10 50.00025113483146 97.74093080729338 2.2590691927066233 3.2e+04
2.2e+10 50.000262952914795 97.7409365756135 2.2590634243864924 3.2e+04
2.2e+10 50.000252 97.74093848634116 2.25906151365883 3.2e+04
2.2e+10 50.000257875 97.74093560201749 2.2590643979825105 3.2e+04
2.2e+10 50.00025253006682 97.7409356635309 2.2590643364690934 3.2e+04
2.3e+10 50.000265326666664 97.7409348411379 2.259065158862099 3.2e+04
2.3e+10 50.00024187361419 97.74094603232382 2.2590539676761834 3.2e+04
2.3e+10 50.00025238716814 97.74094897390628 2.2590510260937164 3.2e+04
2.3e+10 50.00024934878587 97.74094931881102 2.259050681188976 3.2e+04
2.3e+10 50.000258363436124 97.74095151011501 2.2590484898849903 3.2e+04
2.3e+10 50.00025226153846 97.74096088748352 2.2590391125164704 3.2e+04
2.3e+10 50.00023602192982 97.74096790046441 2.2590320995355815 3.3e+04
2.3e+10 50.00023481400438 97.74096735740888 2.2590326425911216 3.3e+04
2.3e+10 50.00019852401747 97.74097054585127 2.2590294541487297 3.3e+04
2.3e+10 50.00020291503268 97.74096986499123 2.2590301350087705 3.3e+04
2.3e+10 50.00019623695652 97.740973257395 2.259026742604999 3.3e+04
2.3e+10 50.00019631019523 97.74097605377041 2.259023946229583 3.3e+04
2.3e+10 50.00018840909091 97.74097745180163 2.2590225481983675 3.3e+04
2.3e+10 50.00018199784017 97.74097899163738 2.259021008362623 3.3e+04
2.3e+10 50.00016363577586 97.74098016899133 2.2590198310086764 3.3e+04
2.3e+10 50.000160131182795 97.74098381112277 2.2590161888772284 3.3e+04
2.3e+10 50.000162246781116 97.74098877240608 2.2590112275939105 3.3e+04
2.3e+10 50.00016491006424 97.74098513376924 2.259014866230754 3.3e+04
2.3e+10 50.00016393162393 97.74099223978955 2.2590077602104546 3.3e+04
2.3e+10 50.00017092324094 97.74099124899439 2.259008751005607 3.3e+04
2.4e+10 50.00018718723404 97.74098869545942 2.2590113045405724 3.4e+04
2.4e+10 50.00019277282378 97.74098515114702 2.2590148488529844 3.4e+04
2.4e+10 50.00019945550847 97.74098222757246 2.259017772427536 3.4e+04
2.4e+10 50.00018932980973 97.74098767447488 2.2590123255251253 3.4e+04
2.4e+10 50.00016624683544 97.74099260388363 2.259007396116379 3.4e+04
2.4e+10 50.00017243368421 97.74098736954478 2.2590126304552207 3.4e+04
2.4e+10 50.00018243487395 97.74098509540316 2.259014904596836 3.4e+04
2.4e+10 50.000181582809226 97.74098089999745 2.259019100002543 3.4e+04
2.4e+10 50.00017877824268 97.74098253333041 2.259017466669597 3.4e+04
2.4e+10 50.00019478079332 97.74098741402398 2.259012585976022 3.4e+04
2.4e+10 50.0001973 97.74098975155444 2.2590102484455596 3.4e+04
2.4e+10 50.00021147609148 97.74099562519439 2.2590043748056132 3.4e+04
2.4e+10 50.00020871369295 97.74100120561323 2.258998794386775 3.4e+04
2.4e+10 50.0002052815735 97.74100071147157 2.2589992885284285 3.4e+04
2.4e+10 50.00020597107438 97.74099297935578 2.2590070206442197 3.5e+04
2.4e+10 50.000218344329895 97.74099963799428 2.259000362005718 3.5e+04
2.4e+10 50.00022847325103 97.74100041295458 2.2589995870454262 3.5e+04
2.4e+10 50.00022681930185 97.74100501153369 2.258994988466307 3.5e+04
2.4e+10 50.000228139344266 97.74100459010151 2.2589954098984846 3.5e+04
2.4e+10 50.00021052351738 97.74100145418667 2.2589985458133213 3.5e+04
2.5e+10 50.00020991428571 97.74100925531714 2.2589907446828565 3.5e+04
2.5e+10 50.0002186904277 97.74100179895926 2.25899820104074 3.5e+04
2.5e+10 50.00023544715447 97.7410016700149 2.2589983299850998 3.5e+04
2.5e+10 50.00024790872211 97.74099937090458 2.2590006290954205 3.5e+04
2.5e+10 50.00022599595142 97.74100298781151 2.2589970121884844 3.5e+04
2.5e+10 50.00022626060606 97.74100804464 2.2589919553599995 3.5e+04
2.5e+10 50.00022149798387 97.74100348710218 2.2589965128978267 3.5e+04
2.5e+10 50.000228277666 97.74100841817429 2.2589915818257174 3.5e+04
2.5e+10 50.000227020080324 97.74100770653143 2.258992293468565 3.6e+04
2.5e+10 50.00023449498998 97.74101511545484 2.2589848845451583 3.6e+04
2.5e+10 50.000237248 97.74101325880173 2.2589867411982727 3.6e+04
2.5e+10 50.00022879241517 97.74101092760968 2.2589890723903223 3.6e+04
2.5e+10 50.00024739840637 97.7410070977436 2.258992902256394 3.6e+04
2.5e+10 50.00022688270378 97.74100519288292 2.2589948071170824 3.6e+04
2.5e+10 50.00022421825397 97.74100113017565 2.258998869824354 3.6e+04
2.5e+10 50.00024747920792 97.74100256723652 2.258997432763479 3.6e+04
2.5e+10 50.000257867588935 97.7410005279253 2.258999472074699 3.6e+04
2.5e+10 50.00024230769231 97.74099833208501 2.259001667914994 3.6e+04
2.5e+10 50.00025027559055 97.74099248859115 2.2590075114088584 3.6e+04
2.5e+10 50.00023674656189 97.74099266088096 2.2590073391190417 3.6e+04
2.6e+10 50.00023594509804 97.74099342473644 2.25900657526356 3.6e+04
2.6e+10 50.00024058708415 97.7409976564285 2.259002343571502 3.7e+04
2.6e+10 50.000235197265624 97.74100145823685 2.2589985417631486 3.7e+04
2.6e+10 50.00022802534113 97.74099997080103 2.2590000291989702 3.7e+04
2.6e+10 50.00021547276265 97.7410034899082 2.25899651009181 3.7e+04
2.6e+10 50.000219434951454 97.74099853155327 2.2590014684467206 3.7e+04
2.6e+10 50.00021735852713 97.74099492105553 2.2590050789444716 3.7e+04
2.6e+10 50.00022642553191 97.7409996264256 2.259000373574401 3.7e+04
2.6e+10 50.000212193050196 97.74099502319656 2.259004976803435 3.7e+04
2.6e+10 50.00021016570327 97.74100007717439 2.2589999228256037 3.7e+04
2.6e+10 50.00020372884615 97.74099866985931 2.2590013301406957 3.7e+04
2.6e+10 50.00018767754319 97.74099770768692 2.2590022923130846 3.7e+04
2.6e+10 50.000175040229884 97.74100169758367 2.2589983024163263 3.7e+04
2.6e+10 50.00017204971319 97.74100085542108 2.258999144578928 3.7e+04
2.6e+10 50.00016456679389 97.74100073665204 2.2589992633479588 3.7e+04
2.6e+10 50.00015552 97.74100464161725 2.2589953583827422 3.7e+04
2.6e+10 50.00015301330799 97.74100931615457 2.25899068384543 3.8e+04
2.6e+10 50.00015655028463 97.74100808999432 2.2589919100056712 3.8e+04
2.6e+10 50.00014604166667 97.74100737086825 2.258992629131756 3.8e+04
2.6e+10 50.000152185255196 97.74100217250961 2.258997827490393 3.8e+04
2.7e+10 50.00016076981132 97.74100216923348 2.258997830766522 3.8e+04
2.7e+10 50.00016763276836 97.74100550959987 2.258994490400129 3.8e+04
2.7e+10 50.00017736654135 97.74101167127367 2.2589883287263266 3.8e+04
2.7e+10 50.00017442026267 97.74101196281732 2.2589880371826694 3.8e+04
2.7e+10 50.000163610486894 97.74101142559228 2.258988574407724 3.8e+04
2.7e+10 50.00017169906542 97.74101716665062 2.2589828333493798 3.8e+04
2.7e+10 50.000153207089554 97.74102281361745 2.2589771863825536 3.8e+04
2.7e+10 50.00015091992551 97.74102322072679 2.258976779273218 3.8e+04
2.7e+10 50.00015267100372 97.74102596822863 2.258974031771374 3.8e+04
2.7e+10 50.00015719851577 97.74102884610856 2.258971153891433 3.8e+04
2.7e+10 50.0001642 97.74102653328367 2.2589734667163204 3.9e+04
2.7e+10 50.000175432532345 97.74102958582709 2.2589704141729006 3.9e+04
2.7e+10 50.00017068819188 97.74103516913702 2.258964830862974 3.9e+04
2.7e+10 50.00015969429098 97.74103676183198 2.258963238168021 3.9e+04
2.7e+10 50.000165327205885 97.7410383590622 2.258961640937792 3.9e+04
2.7e+10 50.000171944954126 97.74103631880685 2.2589636811931535 3.9e+04
2.7e+10 50.000156926739926 97.74104300190307 2.258956998096941 3.9e+04
2.7e+10 50.00014946252285 97.74104294637269 2.258957053627317 3.9e+04
2.7e+10 50.000145071167886 97.74104111988949 2.2589588801105105 3.9e+04
2.7e+10 50.00014361748634 97.7410381715885 2.2589618284115 3.9e+04
2.8e+10 50.00014746909091 97.74104105162336 2.2589589483766406 3.9e+04
2.8e+10 50.00014560254083 97.74104556548593 2.2589544345140684 3.9e+04
2.8e+10 50.00016289673913 97.74104048635436 2.258959513645634 3.9e+04
2.8e+10 50.000159068716094 97.74104056091744 2.258959439082566 3.9e+04
2.8e+10 50.00014863176895 97.74103312663719 2.2589668733628057 4e+04
2.8e+10 50.00013039459459 97.74103108033592 2.258968919664081 4e+04
2.8e+10 50.00013689388489 97.7410361416013 2.2589638583986993 4e+04
2.8e+10 50.00012070017954 97.74103511921756 2.258964880782444 4e+04
2.8e+10 50.00011170250896 97.74103146958812 2.258968530411882 4e+04
2.8e+10 50.000110815742396 97.74102796902616 2.2589720309738306 4e+04
2.8e+10 50.00012262321429 97.74103180432454 2.2589681956754633 4e+04
2.8e+10 50.00011804099822 97.74102656654117 2.258973433458833 4e+04
2.8e+10 50.000127110320285 97.74101868941598 2.2589813105840246 4e+04
2.8e+10 50.00012445115453 97.74101803828881 2.2589819617111853 4e+04
2.8e+10 50.000129757092196 97.7410167808216 2.2589832191784067 4e+04
2.8e+10 50.00013313097345 97.74101856702033 2.258981432979667 4e+04
2.8e+10 50.00014001060071 97.741022449291 2.258977550709011 4e+04
2.8e+10 50.000143947089946 97.74101866573328 2.258981334266718 4e+04
2.8e+10 50.000142855633804 97.74102448935884 2.258975510641166 4e+04
2.8e+10 50.000158381370824 97.74102584100149 2.2589741589985155 4.1e+04
2.9e+10 50.000173492982455 97.74102784533387 2.2589721546661283 4.1e+04
2.9e+10 50.00018223817863 97.74103497595036 2.2589650240496506 4.1e+04
2.9e+10 50.00017141258741 97.74103304500672 2.2589669549932867 4.1e+04
2.9e+10 50.00016727050611 97.74102817847864 2.258971821521354 4.1e+04
2.9e+10 50.000184783972124 97.74103392332738 2.258966076672617 4.1e+04
2.9e+10 50.00017164 97.74103701022032 2.2589629897796746 4.1e+04
2.9e+10 50.000175473958336 97.74103559445518 2.258964405544814 4.1e+04
2.9e+10 50.000188071057195 97.74103571008762 2.2589642899123796 4.1e+04
2.9e+10 50.00018208823529 97.74104203974215 2.258957960257839 4.1e+04
2.9e+10 50.00017220379966 97.74104433614623 2.258955663853768 4.1e+04
2.9e+10 50.000176243103446 97.7410413832072 2.258958616792801 4.1e+04
2.9e+10 50.00016657314974 97.74104172184934 2.2589582781506645 4.1e+04
2.9e+10 50.000147520618555 97.7410475548756 2.258952445124396 4.1e+04
2.9e+10 50.00014677358491 97.74104781119313 2.2589521888068664 4.1e+04
2.9e+10 50.00015090410959 97.74105580055597 2.258944199444027 4.2e+04
2.9e+10 50.0001565025641 97.74105815436451 2.2589418456354964 4.2e+04
2.9e+10 50.00016716211604 97.74106102658311 2.2589389734168934 4.2e+04
2.9e+10 50.00015567802385 97.74106320710122 2.2589367928987754 4.2e+04
2.9e+10 50.00015344047619 97.7410634424501 2.2589365575498968 4.2e+04
2.9e+10 50.000155015280136 97.74106447028352 2.258935529716482 4.2e+04
3e+10 50.00014971186441 97.74106405192585 2.2589359480741598 4.2e+04
3e+10 50.000146962774956 97.74106191201582 2.2589380879841747 4.2e+04
3e+10 50.00015025337838 97.74106449095653 2.2589355090434617 4.2e+04
3e+10 50.00013181112985 97.74106492638789 2.2589350736121045 4.2e+04
3e+10 50.00012241245791 97.74106081327425 2.2589391867257547 4.2e+04
3e+10 50.00013216134454 97.74106105996378 2.2589389400362188 4.2e+04
3e+10 50.00012411577181 97.74106066780266 2.2589393321973414 4.2e+04
3e+10 50.00011657956449 97.74105798719752 2.258942012802472 4.2e+04
3e+10 50.000129886287624 97.74106054034601 2.25893945965399 4.2e+04
3e+10 50.00014074624374 97.74106350397861 2.2589364960213967 4.3e+04
3e+10 50.00012587 97.74106776996933 2.2589322300306707 4.3e+04
3e+10 50.00013200831947 97.74107127842356 2.25892872157644 4.3e+04
3e+10 50.00012993355482 97.74106744829582 2.2589325517041794 4.3e+04
3e+10 50.00013862354892 97.74106906547385 2.258930934526142 4.3e+04
3e+10 50.00014846357616 97.74106686301498 2.2589331369850245 4.3e+04
3e+10 50.00014979338843 97.74106969307633 2.2589303069236673 4.3e+04
3e+10 50.00014675082508 97.74106681152433 2.258933188475664 4.3e+04
3e+10 50.00015151400329 97.74106586991476 2.2589341300852386 4.3e+04
3e+10 50.00015820888158 97.74106361478124 2.2589363852187554 4.3e+04
3e+10 50.000165633825944 97.7410643895269 2.2589356104731046 4.3e+04
3.1e+10 50.00016960655738 97.74107209536659 2.2589279046334094 4.3e+04
3.1e+10 50.00016555155483 97.7410694499294 2.2589305500706054 4.3e+04
3.1e+10 50.0001719754902 97.74106928922217 2.2589307107778307 4.3e+04
3.1e+10 50.00018017618271 97.7410693831768 2.258930616823205 4.3e+04
3.1e+10 50.00018932247557 97.74107240022084 2.258927599779156 4.4e+04
3.1e+10 50.00018799512195 97.74107199578793 2.258928004212063 4.4e+04
3.1e+10 50.00018494480519 97.74107489124357 2.2589251087564306 4.4e+04
3.1e+10 50.00018479254457 97.74106798887037 2.2589320111296236 4.4e+04
3.1e+10 50.0001762038835 97.74107331014767 2.258926689852331 4.4e+04
3.1e+10 50.00017517124394 97.74108001411803 2.2589199858819713 4.4e+04
3.1e+10 50.00017826451613 97.74107496340099 2.2589250365990083 4.4e+04
3.1e+10 50.000171307568436 97.74107125956063 2.2589287404393796 4.4e+04
3.1e+10 50.00015388585209 97.74106925138503 2.258930748614969 4.4e+04
3.1e+10 50.0001587929374 97.74107717723008 2.2589228227699194 4.4e+04
3.1e+10 50.00015332532051 97.74107876994515 2.25892123005485 4.4e+04
3.1e+10 50.0001454608 97.74107576209853 2.2589242379014642 4.4e+04
3.1e+10 50.00015153514377 97.74107393239571 2.258926067604291 4.4e+04
3.1e+10 50.00014738755981 97.74107276720841 2.258927232791597 4.4e+04
3.1e+10 50.00015224363057 97.74107530488953 2.2589246951104722 4.4e+04
3.1e+10 50.00014723370429 97.74107626069721 2.2589237393027823 4.5e+04
3.2e+10 50.00014390634921 97.74107944431735 2.258920555682651 4.5e+04
3.2e+10 50.000148537242474 97.74107830814432 2.2589216918556763 4.5e+04
3.2e+10 50.00014046677215 97.7410748587367 2.2589251412633096 4.5e+04
3.2e+10 50.000155328594 97.74106563365572 2.258934366344275 4.5e+04
3.2e+10 50.000151055205045 97.74106398536414 2.2589360146358617 4.5e+04
3.2e+10 50.000161762204726 97.74105863736057 2.2589413626394386 4.5e+04
3.2e+10 50.00016271698113 97.74105711237364 2.2589428876263664 4.5e+04
3.2e+10 50.0001545133438 97.74105911887774 2.2589408811222533 4.5e+04
3.2e+10 50.00015846708464 97.74106000574768 2.2589399942523105 4.5e+04
3.2e+10 50.0001494428795 97.74105905838205 2.258940941617957 4.5e+04
3.2e+10 50.00014373125 97.74105830923526 2.2589416907647424 4.5e+04
3.2e+10 50.00012803120125 97.74106305105889 2.258936948941107 4.5e+04
3.2e+10 50.00013407788162 97.74106338768678 2.2589366123132177 4.5e+04
3.2e+10 50.000123755832035 97.74105732054008 2.2589426794599157 4.5e+04
3.2e+10 50.00012338664596 97.74105307758327 2.2589469224167265 4.6e+04
3.2e+10 50.00012917984496 97.74105222690814 2.2589477730918635 4.6e+04
3.2e+10 50.000135360681114 97.74105770677062 2.2589422932293823 4.6e+04
3.2e+10 50.000149735703246 97.74105649286517 2.2589435071348367 4.6e+04
3.2e+10 50.00014800771605 97.74105789052095 2.25894210947905 4.6e+04
3.2e+10 50.00015357164869 97.74106500596403 2.2589349940359633 4.6e+04
3.3e+10 50.00015229076923 97.74106666183238 2.2589333381676244 4.6e+04
3.3e+10 50.00014084485407 97.74106041849986 2.2589395815001465 4.6e+04
3.3e+10 50.0001310797546 97.74105707234044 2.258942927659559 4.6e+04
3.3e+10 50.00013544716692 97.7410556231808 2.2589443768191946 4.6e+04
3.3e+10 50.0001242706422 97.74105986210526 2.2589401378947453 4.6e+04
3.3e+10 50.00012499847328 97.741062990785 2.2589370092150016 4.6e+04
3.3e+10 50.000120027439024 97.7410623373242 2.258937662675802 4.6e+04
3.3e+10 50.00011542465754 97.74106305644518 2.2589369435548194 4.6e+04
3.3e+10 50.000121981762916 97.74106815230716 2.258931847692832 4.7e+04
3.3e+10 50.00011697875569 97.74107024396467 2.2589297560353274 4.7e+04
3.3e+10 50.0001160030303 97.74107378023967 2.258926219760326 4.7e+04
3.3e+10 50.00011462481089 97.74107304242418 2.258926957575831 4.7e+04
3.3e+10 50.00011498338369 97.74107442438537 2.258925575614626 4.7e+04
3.3e+10 50.00011603770739 97.74107179746979 2.258928202530214 4.7e+04
3.3e+10 50.00012234487952 97.74107259362908 2.2589274063709124 4.7e+04
3.3e+10 50.000118637593985 97.74107539595782 2.258924604042174 4.7e+04
3.3e+10 50.0001189984985 97.74107504284022 2.258924957159771 4.7e+04
3.3e+10 50.000122982008996 97.7410738499986 2.2589261500014044 4.7e+04
3.3e+10 50.00012626047904 97.74107213241001 2.258927867589994 4.7e+04
3.3e+10 50.00012450074738 97.74107126602192 2.2589287339780815 4.7e+04
3.4e+10 50.00013166417911 97.74107076034157 2.2589292396584217 4.7e+04
3.4e+10 50.000130378539495 97.7410691570881 2.258930842911897 4.7e+04
3.4e+10 50.00013013988095 97.74106734383025 2.2589326561697467 4.8e+04
3.4e+10 50.00012856909361 97.74106929445757 2.2589307055424324 4.8e+04
3.4e+10 50.000141402077155 97.7410708690576 2.2589291309424087 4.8e+04
3.4e+10 50.00014388444445 97.7410720886399 2.2589279113601006 4.8e+04
3.4e+10 50.000137034023666 97.74107264661939 2.25892735338061 4.8e+04
3.4e+10 50.00014655391433 97.74107489878203 2.2589251012179683 4.8e+04
3.4e+10 50.000137927728616 97.74107247326276 2.2589275267372373 4.8e+04
3.4e+10 50.00014224300442 97.74107625548254 2.2589237445174666 4.8e+04
3.4e+10 50.00015564117647 97.74107965220864 2.258920347791355 4.8e+04
3.4e+10 50.00014880469897 97.74108346577286 2.258916534227139 4.8e+04
3.4e+10 50.000146 97.74108344354367 2.258916556456324 4.8e+04
3.4e+10 50.000151537335285 97.7410874640541 2.2589125359459015 4.8e+04
3.4e+10 50.00013992397661 97.74108531275459 2.2589146872454124 4.8e+04
3.4e+10 50.00012970218978 97.74108202323582 2.258917976764188 4.8e+04
3.4e+10 50.00012676239067 97.7410831146692 2.258916885330804 4.8e+04
3.4e+10 50.00011954439592 97.74108052746082 2.2589194725391697 4.9e+04
3.4e+10 50.00012574273256 97.74107762853585 2.258922371464149 4.9e+04
3.4e+10 50.00012740638606 97.74107696937708 2.2589230306229204 4.9e+04
3.5e+10 50.00013638985507 97.74107895318264 2.258921046817368 4.9e+04
3.5e+10 50.00012649927641 97.74107794369424 2.2589220563057637 4.9e+04
3.5e+10 50.00011975289017 97.74107612990642 2.2589238700935783 4.9e+04
3.5e+10 50.00011474603175 97.74107437020223 2.258925629797773 4.9e+04
3.5e+10 50.00011744236311 97.74107751047485 2.2589224895251436 4.9e+04
3.5e+10 50.000118687769785 97.74107830889014 2.2589216911098573 4.9e+04
3.5e+10 50.00011951436782 97.74108283049563 2.258917169504368 4.9e+04
3.5e+10 50.00011709038738 97.74108050946735 2.258919490532641 4.9e+04
3.5e+10 50.00012428080229 97.74107918787573 2.2589208121242805 4.9e+04
3.5e+10 50.00012328898426 97.74107973881227 2.2589202611877197 4.9e+04
3.5e+10 50.00013306 97.74107542002152 2.2589245799784794 4.9e+04
3.5e+10 50.00013646647646 97.74107562326627 2.258924376733733 5e+04
3.5e+10 50.000136032763535 97.74107755315667 2.2589224468433318 5e+04
3.5e+10 50.00013453058322 97.74107063551193 2.2589293644880613 5e+04
3.5e+10 50.000144926136365 97.74106842824632 2.2589315717536818 5e+04
3.5e+10 50.00015316170213 97.74107163451988 2.258928365480114 5e+04
3.5e+10 50.00015608498583 97.74107340863101 2.2589265913689895 5e+04
3.5e+10 50.00015376803395 97.74107368251529 2.258926317484705 5e+04
3.5e+10 50.00015546186441 97.74107613652465 2.258923863475342 5e+04
3.5e+10 50.00015325528914 97.74107774188927 2.258922258110727 5e+04
3.6e+10 50.000153654929576 97.74107324049619 2.2589267595038076 5e+04
3.6e+10 50.00014622362869 97.7410714641211 2.2589285358788964 5e+04
3.6e+10 50.00014864747191 97.74107007804399 2.258929921956007 5e+04
3.6e+10 50.00015387657784 97.74107331657453 2.2589266834254658 5e+04
3.6e+10 50.00015956162465 97.74107004630568 2.2589299536943184 5e+04
3.6e+10 50.00016247412587 97.74107218510169 2.2589278148983123 5.1e+04
3.6e+10 50.000164159217874 97.74107093044707 2.258929069552934 5.1e+04
3.6e+10 50.00016769595537 97.74106610068883 2.2589338993111805 5.1e+04
3.6e+10 50.000163979108635 97.74106851698652 2.2589314830134817 5.1e+04
3.6e+10 50.00016396522948 97.74106462331434 2.258935376685661 5.1e+04
3.6e+10 50.000159 97.74106768618253 2.258932313817464 5.1e+04
3.6e+10 50.00014416782247 97.7410702691942 2.258929730805801 5.1e+04
3.6e+10 50.000138635734075 97.74107071766001 2.258929282339986 5.1e+04
3.6e+10 50.00014001936376 97.74107083210056 2.2589291678994363 5.1e+04
3.6e+10 50.000139316298345 97.74107407034707 2.258925929652931 5.1e+04
3.6e+10 50.00014327310345 97.74107708527173 2.258922914728278 5.1e+04
3.6e+10 50.00015070385675 97.74108037329628 2.2589196267037113 5.1e+04
3.6e+10 50.00014912104539 97.74108618132341 2.258913818676589 5.1e+04
3.6e+10 50.00013343131868 97.74108197875766 2.258918021242342 5.1e+04
3.6e+10 50.00013695198903 97.74108584157673 2.2589141584232717 5.2e+04
3.7e+10 50.000152164383564 97.74108226083787 2.2589177391621242 5.2e+04
3.7e+10 50.00015697811217 97.74108677188924 2.2589132281107567 5.2e+04
3.7e+10 50.0001495136612 97.74108711269022 2.2589128873097803 5.2e+04
3.7e+10 50.000142121418826 97.74108846717895 2.2589115328210387 5.2e+04
3.7e+10 50.0001353119891 97.7410851676611 2.258914832338904 5.2e+04
3.7e+10 50.00013753197279 97.7410857263839 2.2589142736161016 5.2e+04
3.7e+10 50.00014374728261 97.74109226597609 2.258907734023901 5.2e+04
3.7e+10 50.000145535956584 97.74110028194256 2.2588997180574286 5.2e+04
3.7e+10 50.000139196476965 97.74110314497824 2.258896855021755 5.2e+04
3.7e+10 50.00013364952639 97.74110428428561 2.258895715714394 5.2e+04
3.7e+10 50.000146574324326 97.74110483002877 2.2588951699712267 5.2e+04
3.7e+10 50.000156470985154 97.74110749007536 2.2588925099246406 5.2e+04
3.7e+10 50.00016283018868 97.741103914281 2.258896085719001 5.2e+04
3.7e+10 50.0001701076716 97.74110686679686 2.2588931332031468 5.2e+04
3.7e+10 50.00017634408602 97.74111168188568 2.258888318114319 5.3e+04
3.7e+10 50.00017237449664 97.74111414184867 2.2588858581513285 5.3e+04
3.7e+10 50.00017379892761 97.7411106534595 2.2588893465405 5.3e+04
3.7e+10 50.00016791967872 97.74111093295875 2.258889067041258 5.3e+04
3.7e+10 50.00017395588235 97.74110779210682 2.2588922078931764 5.3e+04
3.7e+10 50.000164269692924 97.74111342400231 2.258886575997689 5.3e+04
3.8e+10 50.00017548266667 97.74111764256067 2.258882357439338 5.3e+04
3.8e+10 50.00016497603196 97.74111816960539 2.2588818303946168 5.3e+04
3.8e+10 50.00015859441489 97.74112066757249 2.2588793324275045 5.3e+04
3.8e+10 50.000152236387784 97.74111918577805 2.2588808142219587 5.3e+04
3.8e+10 50.00015153580902 97.74111872931714 2.258881270682859 5.3e+04
3.8e+10 50.000160690066224 97.74112087018477 2.2588791298152344 5.3e+04
3.8e+10 50.00016046560847 97.7411164372932 2.258883562706805 5.3e+04
3.8e+10 50.00014882562748 97.74111470246437 2.2588852975356275 5.3e+04
3.8e+10 50.00013536939314 97.74110885711927 2.258891142880734 5.4e+04
3.8e+10 50.00012273913043 97.74111228025616 2.258887719743845 5.4e+04
3.8e+10 50.000113467105265 97.74111221039969 2.2588877896003017 5.4e+04
3.8e+10 50.00009679106439 97.74110655415436 2.258893445845639 5.4e+04
3.8e+10 50.00009433858268 97.74110632238401 2.2588936776159865 5.4e+04
3.8e+10 50.00008949803408 97.74110397780426 2.258896022195736 5.4e+04
3.8e+10 50.000088315445026 97.74110515220974 2.25889484779026 5.4e+04
3.8e+10 50.000088296732024 97.74110832369558 2.2588916763044167 5.4e+04
3.8e+10 50.00008399608355 97.74111180258814 2.2588881974118666 5.4e+04
3.8e+10 50.000089941329854 97.74111233974877 2.2588876602512324 5.4e+04
3.8e+10 50.00009110677083 97.74111740765665 2.2588825923433595 5.4e+04
3.8e+10 50.000089642392716 97.74111574294372 2.258884257056274 5.4e+04
3.9e+10 50.00009407922078 97.74111810482242 2.258881895177575 5.4e+04
3.9e+10 50.000100382619976 97.74111819263703 2.258881807362971 5.4e+04
3.9e+10 50.00009893523316 97.74111788934968 2.258882110650315 5.5e+04
3.9e+10 50.000110981888746 97.74111739165019 2.2588826083498037 5.5e+04
3.9e+10 50.000113896640826 97.74111347375712 2.2588865262428786 5.5e+04
3.9e+10 50.00010927612903 97.7411139639432 2.258886036056787 5.5e+04
3.9e+10 50.00010850773196 97.74111551037608 2.258884489623923 5.5e+04
3.9e+10 50.00010771557272 97.74111486634212 2.258885133657883 5.5e+04
3.9e+10 50.00010264524422 97.74111628765901 2.2588837123409897 5.5e+04
3.9e+10 50.00010671501926 97.74111911124588 2.2588808887541165 5.5e+04
3.9e+10 50.000096885897435 97.74112073604525 2.2588792639547473 5.5e+04
3.9e+10 50.00009811011524 97.74111706746852 2.258882932531477 5.5e+04
3.9e+10 50.00010573017903 97.74111891474544 2.258881085254552 5.5e+04
3.9e+10 50.00010486590038 97.74111792533351 2.258882074666484 5.5e+04
3.9e+10 50.00010966071429 97.7411200077793 2.258879992220703 5.5e+04
3.9e+10 50.000113205095545 97.74111818440232 2.258881815597671 5.5e+04
3.9e+10 50.00010623536895 97.74111920404084 2.2588807959591515 5.6e+04
3.9e+10 50.00010631130877 97.74111950682985 2.2588804931701594 5.6e+04
3.9e+10 50.0001003857868 97.74111969762608 2.258880302373923 5.6e+04
3.9e+10 50.000111570342206 97.7411189238794 2.258881076120602 5.6e+04
4e+10 50.000110943037974 97.74111859189016 2.258881408109848 5.6e+04
4e+10 50.00010487737042 97.74111960536536 2.2588803946346454 5.6e+04
4e+10 50.000102025252524 97.74112084157757 2.2588791584224364 5.6e+04
4e+10 50.000099627994956 97.74111904067819 2.258880959321811 5.6e+04
4e+10 50.00010104282116 97.74112539609551 2.2588746039044905 5.6e+04
4e+10 50.00009442264151 97.7411238758439 2.2588761241560973 5.6e+04
4e+10 50.00009951005025 97.74112621923096 2.258873780769041 5.6e+04
4e+10 50.0001034391468 97.74112178981628 2.2588782101837257 5.6e+04
4e+10 50.000113852130326 97.74111605585568 2.2588839441443143 5.6e+04
4e+10 50.00010991489362 97.74111222728516 2.258887772714844 5.6e+04
4e+10 50.00012499875 97.74111105966588 2.2588889403341215 5.6e+04
4e+10 50.000120217228464 97.74111413775668 2.2588858622433152 5.7e+04
4e+10 50.000119834164586 97.74111027668616 2.2588897233138496 5.7e+04
4e+10 50.0001184358655 97.74111332824802 2.2588866717519793 5.7e+04
4e+10 50.00012106218905 97.7411129394655 2.258887060534499 5.7e+04
4e+10 50.000130011180126 97.74111179411132 2.2588882058886774 5.7e+04
4e+10 50.000139848635236 97.74111376469327 2.2588862353067327 5.7e+04
4e+10 50.00013682527881 97.7411133586554 2.258886641344606 5.7e+04
4e+10 50.00013338737624 97.74111653108127 2.258883468918722 5.7e+04
4e+10 50.00012000247219 97.74111749559533 2.258882504404665 5.7e+04
4.1e+10 50.00012221975309 97.7411171339478 2.2588828660521982 5.7e+04
4.1e+10 50.00012801233046 97.7411127648127 2.2588872351873 5.7e+04
4.1e+10 50.000125222906405 97.74111598732969 2.258884012670313 5.7e+04
4.1e+10 50.000135049200495 97.7411167875543 2.2588832124456997 5.7e+04
4.1e+10 50.00013057985258 97.74111143493325 2.258888565066748 5.7e+04
4.1e+10 50.00014024417178 97.74110577397181 2.258894226028193 5.8e+04
4.1e+10 50.00015031985294 97.74111023719797 2.2588897628020295 5.8e+04
4.1e+10 50.000154916768665 97.74111236966048 2.2588876303395176 5.8e+04
4.1e+10 50.00015127139364 97.74110954560159 2.258890454398415 5.8e+04
4.1e+10 50.0001471025641 97.74111020620917 2.258889793790826 5.8e+04
4.1e+10 50.00014632195122 97.74111144464597 2.2588885553540385 5.8e+04
4.1e+10 50.000149785627286 97.74111191192458 2.2588880880754263 5.8e+04
4.1e+10 50.00015616909975 97.7411158388131 2.258884161186894 5.8e+04
4.1e+10 50.00014973025517 97.74111494186847 2.2588850581315203 5.8e+04
4.1e+10 50.00014508980583 97.7411139965742 2.2588860034257947 5.8e+04
4.1e+10 50.00013661333333 97.7411150155125 2.2588849844874894 5.8e+04
4.1e+10 50.000133859564166 97.74111916610015 2.2588808338998536 5.8e+04
4.1e+10 50.00013091414752 97.74111877049661 2.258881229503381 5.8e+04
4.1e+10 50.00013393599034 97.74112022240358 2.2588797775964142 5.8e+04
4.1e+10 50.00014160193004 97.74111501968613 2.2588849803138706 5.9e+04
4.2e+10 50.00013743253012 97.74111378961183 2.2588862103881655 5.9e+04
4.2e+10 50.00012569193743 97.74111242216144 2.2588875778385678 5.9e+04
4.2e+10 50.00012751682692 97.74111100611944 2.258888993880555 5.9e+04
4.2e+10 50.00012195678271 97.74111501512907 2.258884984870934 5.9e+04
4.2e+10 50.00012446402878 97.74111288199663 2.258887118003369 5.9e+04
4.2e+10 50.00012594730539 97.74111426246652 2.2588857375334737 5.9e+04
4.2e+10 50.00013033014354 97.74111181146941 2.258888188530587 5.9e+04
4.2e+10 50.000126037037035 97.74111056384763 2.2588894361523706 5.9e+04
4.2e+10 50.00012982577566 97.74111315640418 2.258886843595817 5.9e+04
4.2e+10 50.00013773778308 97.74111383650543 2.258886163494569 5.9e+04
4.2e+10 50.00014985833333 97.74111183455003 2.2588881654499726 5.9e+04
4.2e+10 50.000148451843046 97.7411082025713 2.258891797428701 5.9e+04
4.2e+10 50.00014795724466 97.74111161074384 2.258888389256163 5.9e+04
4.2e+10 50.00015085765124 97.74111665406814 2.2588833459318685 6e+04
4.2e+10 50.00015846208531 97.74111733903993 2.258882660960075 6e+04
4.2e+10 50.0001662556213 97.74111841991095 2.2588815800890494 6e+04
4.2e+10 50.00016290661939 97.74111890583295 2.2588810941670565 6e+04
4.2e+10 50.00015923494687 97.74111595891874 2.258884041081266 6e+04
4.2e+10 50.000155909198114 97.7411158502201 2.258884149779898 6e+04
4.2e+10 50.00016240282685 97.74111817560956 2.258881824390437 6e+04
4.3e+10 50.000162264705885 97.74111714956275 2.2588828504372436 6e+04
4.3e+10 50.00015861809636 97.74111582874785 2.2588841712521512 6e+04
4.3e+10 50.000153524647885 97.74111604621591 2.258883953784089 6e+04
4.3e+10 50.00015937631888 97.74111656250142 2.25888343749858 6e+04
4.3e+10 50.000162461358315 97.74111687592418 2.258883124075822 6e+04
4.3e+10 50.00014923859649 97.7411139422597 2.2588860577403023 6e+04
4.3e+10 50.000149839953274 97.74111117364153 2.258888826358469 6e+04
4.3e+10 50.00014822753792 97.7411047736224 2.258895226377608 6.1e+04
4.3e+10 50.00015517016317 97.7411066186487 2.2588933813513004 6.1e+04
4.3e+10 50.000163972060534 97.74111033921133 2.258889660788673 6.1e+04
4.3e+10 50.00017122441861 97.74110995879849 2.2588900412015063 6.1e+04
4.3e+10 50.00017551916376 97.74110845454607 2.2588915454539342 6.1e+04
4.3e+10 50.00017110092807 97.74111060235124 2.258889397648762 6.1e+04
4.3e+10 50.00017292699884 97.74110963401536 2.258890365984643 6.1e+04
4.3e+10 50.00017125 97.74111317650218 2.2588868234978148 6.1e+04
4.3e+10 50.00017217225434 97.74111459684495 2.2588854031550474 6.1e+04
4.3e+10 50.00017030831409 97.74111397589661 2.258886024103394 6.1e+04
4.3e+10 50.000172779700115 97.7411138703839 2.2588861296160965 6.1e+04
4.3e+10 50.0001647718894 97.74111521590368 2.2588847840963227 6.1e+04
4.3e+10 50.00016573072497 97.74111570827424 2.258884291725761 6.1e+04
4.4e+10 50.00016466666667 97.74111037950637 2.2588896204936315 6.1e+04
4.4e+10 50.00017565212399 97.7411129987118 2.2588870012881976 6.2e+04
4.4e+10 50.0001755103211 97.74111260117941 2.2588873988205975 6.2e+04
4.4e+10 50.000177164948454 97.74110979086493 2.2588902091350698 6.2e+04
4.4e+10 50.000175551487416 97.74111475023528 2.258885249764722 6.2e+04
4.4e+10 50.00018123428571 97.74111175118854 2.2588882488114628 6.2e+04
4.4e+10 50.0001883869863 97.74111319582906 2.2588868041709445 6.2e+04
4.4e+10 50.00017676738882 97.74111485481572 2.258885145184273 6.2e+04
4.4e+10 50.00017214920273 97.74111596408987 2.2588840359101283 6.2e+04
4.4e+10 50.00017185437998 97.7411211883102 2.2588788116898 6.2e+04
4.4e+10 50.00016530568182 97.74111827721057 2.2588817227894245 6.2e+04
4.4e+10 50.00016229511918 97.74111724130702 2.2588827586929714 6.2e+04
4.4e+10 50.00016069614512 97.74111680636169 2.258883193638309 6.2e+04
4.4e+10 50.000153650056625 97.74111823939445 2.2588817606055467 6.2e+04
4.4e+10 50.000154951357466 97.74112063607508 2.2588793639249176 6.2e+04
4.4e+10 50.00015741920904 97.74112131520775 2.258878684792252 6.3e+04
4.4e+10 50.0001623261851 97.74112634703087 2.2588736529691276 6.3e+04
4.4e+10 50.00016082638106 97.74112437734802 2.258875622651991 6.3e+04
4.4e+10 50.000157421171174 97.74112450153616 2.2588754984638304 6.3e+04
4.4e+10 50.00015178627672 97.74112547149632 2.2588745285036866 6.3e+04
4.5e+10 50.00014977977528 97.74112320038905 2.2588767996109462 6.3e+04
4.5e+10 50.00015489225589 97.74112304029967 2.2588769597003293 6.3e+04
4.5e+10 50.000151171524664 97.7411228138631 2.2588771861369024 6.3e+04
4.5e+10 50.0001480537514 97.74111931133558 2.258880688664421 6.3e+04
4.5e+10 50.000154554809846 97.74112005847783 2.2588799415221636 6.3e+04
4.5e+10 50.00015254413408 97.7411210658763 2.2588789341237043 6.3e+04
4.5e+10 50.00014304352678 97.74112036861219 2.2588796313878188 6.3e+04
4.5e+10 50.00014009253066 97.7411220793172 2.258877920682806 6.3e+04
4.5e+10 50.000134063474384 97.74112186512427 2.2588781348757285 6.3e+04
4.5e+10 50.000143112347054 97.74112059005355 2.2588794099464486 6.4e+04
4.5e+10 50.00014851666667 97.7411235896159 2.258876410384102 6.4e+04
4.5e+10 50.000140602663706 97.74112566617042 2.258874333829584 6.4e+04
4.5e+10 50.00013638026608 97.74112758481574 2.258872415184254 6.4e+04
4.5e+10 50.00012978848284 97.7411292876498 2.2588707123501965 6.4e+04
4.5e+10 50.00013691261062 97.74112971190523 2.2588702880947635 6.4e+04
4.5e+10 50.00014031381215 97.74112615780852 2.2588738421914702 6.4e+04
4.5e+10 50.00013952428256 97.74112625478965 2.2588737452103476 6.4e+04
4.5e+10 50.00013812458655 97.74112477595654 2.2588752240434578 6.4e+04
4.5e+10 50.00014479955947 97.74112082142989 2.258879178570118 6.4e+04
4.5e+10 50.000149599559954 97.74111919419505 2.258880805804945 6.4e+04
4.6e+10 50.00015287032967 97.74111774588194 2.258882254118063 6.4e+04
4.6e+10 50.00016030845225 97.74111568802907 2.258884311970937 6.4e+04
4.6e+10 50.00015510964912 97.74111236276853 2.258887637231466 6.4e+04
4.6e+10 50.00016406681271 97.74111346693078 2.2588865330692127 6.5e+04
4.6e+10 50.00016403282276 97.7411139686159 2.2588860313840886 6.5e+04
4.6e+10 50.000151510382516 97.74111503286865 2.2588849671313493 6.5e+04
4.6e+10 50.00014738427948 97.74111369997131 2.258886300028689 6.5e+04
4.6e+10 50.000146390403486 97.74111163867336 2.2588883613266386 6.5e+04
4.6e+10 50.00015193464052 97.7411098379295 2.2588901620704958 6.5e+04
4.6e+10 50.00014438628944 97.74110496703027 2.2588950329697317 6.5e+04
4.6e+10 50.0001391 97.7411056885918 2.2588943114081994 6.5e+04
4.6e+10 50.0001411422367 97.74110766206151 2.258892337938484 6.5e+04
4.6e+10 50.00014489154013 97.74110768254717 2.2588923174528266 6.5e+04
4.6e+10 50.00014511700975 97.74110913461797 2.2588908653820328 6.5e+04
4.6e+10 50.00013652489177 97.74110696011034 2.2588930398896516 6.5e+04
4.6e+10 50.000139075675676 97.74110483449878 2.25889516550122 6.5e+04
4.6e+10 50.00013344060475 97.74110438061979 2.2588956193802137 6.5e+04
4.6e+10 50.00013914455232 97.74110300255333 2.2588969974466666 6.6e+04
4.6e+10 50.00014180926724 97.74110363725221 2.2588963627477923 6.6e+04
4.6e+10 50.00014333692142 97.74110267157735 2.2588973284226426 6.6e+04
4.7e+10 50.00015351075269 97.741099485848 2.258900514152002 6.6e+04
4.7e+10 50.00016031471536 97.74109897846948 2.2589010215305225 6.6e+04
4.7e+10 50.00015406866953 97.74110231243856 2.258897687561443 6.6e+04
4.7e+10 50.00014468381565 97.74110561046417 2.2588943895358278 6.6e+04
4.7e+10 50.000145810492505 97.74110918911269 2.258890810887305 6.6e+04
4.7e+10 50.00015112513369 97.74111228845672 2.2588877115432853 6.6e+04
4.7e+10 50.00014829166667 97.74111482127184 2.258885178728169 6.6e+04
4.7e+10 50.00014271931697 97.74111621933854 2.258883780661468 6.6e+04
4.7e+10 50.000135447761195 97.74111337508626 2.258886624913738 6.6e+04
4.7e+10 50.000132050053246 97.74111466007429 2.258885339925714 6.6e+04
4.7e+10 50.0001324606383 97.74111022683282 2.2588897731671844 6.6e+04
4.7e+10 50.00012351647184 97.74110985225384 2.258890147746164 6.7e+04
4.7e+10 50.00011979723992 97.74110927841951 2.2588907215804874 6.7e+04
4.7e+10 50.00012116224814 97.74110915995402 2.258890840045985 6.7e+04
4.7e+10 50.000109674788135 97.74110613919615 2.258893860803854 6.7e+04
4.7e+10 50.000103223280426 97.74110352902254 2.258896470977457 6.7e+04
4.7e+10 50.0000993012685 97.74110235303564 2.258897646964354 6.7e+04
4.7e+10 50.00009278880676 97.74110364501546 2.258896354984549 6.7e+04
4.7e+10 50.00008835970464 97.74110527671554 2.2588947232844623 6.7e+04
4.7e+10 50.00009167544784 97.74110771177301 2.258892288226995 6.7e+04
4.8e+10 50.00008905473684 97.74110622330382 2.2588937766961834 6.7e+04
4.8e+10 50.000079392218716 97.7411031598576 2.2588968401423926 6.7e+04
4.8e+10 50.00007523529412 97.74110349981518 2.2588965001848123 6.7e+04
4.8e+10 50.00007333158447 97.74110001601733 2.2588999839826784 6.7e+04
4.8e+10 50.000056711740044 97.74109911139024 2.258900888609753 6.7e+04
4.8e+10 50.00005326073298 97.74109838108423 2.258901618915771 6.8e+04
4.8e+10 50.00005277405858 97.74109727962679 2.2589027203732206 6.8e+04
4.8e+10 50.00005116509927 97.74109594163505 2.2589040583649482 6.8e+04
4.8e+10 50.000055611691025 97.74109804687392 2.2589019531260863 6.8e+04
4.8e+10 50.000052888425444 97.74109575540403 2.258904244595969 6.8e+04
4.8e+10 50.000048022916666 97.74109553833361 2.258904461666386 6.8e+04
4.8e+10 50.00005348283039 97.74109327577584 2.2589067242241643 6.8e+04
4.8e+10 50.00004927858628 97.74109050074561 2.2589094992543925 6.8e+04
4.8e+10 50.000047573208725 97.74108784605488 2.2589121539451193 6.8e+04
4.8e+10 50.000043984439834 97.74108453278578 2.258915467214217 6.8e+04
4.8e+10 50.00004389015544 97.74108163677157 2.2589183632284278 6.8e+04
4.8e+10 50.000030997929606 97.74108275240204 2.2589172475979695 6.8e+04
4.8e+10 50.00002738469493 97.74108375839423 2.2589162416057706 6.8e+04
4.8e+10 50.00002915702479 97.74108401974472 2.2589159802552765 6.9e+04
4.8e+10 50.000030124871 97.74108480577902 2.2589151942209815 6.9e+04
4.9e+10 50.00002477113402 97.74108590468428 2.258914095315714 6.9e+04
4.9e+10 50.00002183007209 97.74108747028154 2.2589125297184576 6.9e+04
4.9e+10 50.000022922839506 97.74108487306354 2.2589151269364622 6.9e+04
4.9e+10 50.00002221788284 97.74108782185331 2.258912178146691 6.9e+04
4.9e+10 50.00002332443532 97.74108897983452 2.258911020165492 6.9e+04
4.9e+10 50.00001983692308 97.7410893351711 2.2589106648288992 6.9e+04
4.9e+10 50.00001986168033 97.74108990961008 2.2589100903899157 6.9e+04
4.9e+10 50.000017581371544 97.74108889460217 2.258911105397829 6.9e+04
4.9e+10 50.000017675869124 97.74109046318546 2.2589095368145364 6.9e+04
4.9e+10 50.00001420429009 97.74109143436941 2.258908565630592 6.9e+04
4.9e+10 50.00001191836735 97.74109145477657 2.2589085452234325 6.9e+04
4.9e+10 50.00000521406728 97.74109010508306 2.2589098949169397 7e+04
4.9e+10 50.000007075356415 97.74109231557821 2.2589076844217804 7e+04
4.9e+10 49.999999892166834 97.74109023317509 2.258909766824912 7e+04
4.9e+10 49.99999720833333 97.74108824582865 2.2589117541713533 7e+04
4.9e+10 50.00000464467005 97.74108870323897 2.2589112967610316 7e+04
4.9e+10 50.00000867241379 97.74108733703777 2.2589126629622274 7e+04
4.9e+10 50.00000653292806 97.74108652817577 2.2589134718242336 7e+04
4.9e+10 50.00001149898785 97.74108642638699 2.258913573613014 7e+04
4.9e+10 50.00000908392315 97.74108779158882 2.2589122084111772 7e+04
5e+10 50.000015273737375 97.74109137084763 2.2589086291523763 7e+04
5e+10 50.00001863874874 97.74109095104559 2.258909048954409 7e+04
5e+10 50.00001222983871 97.74109556260139 2.2589044373986162 7e+04
5e+10 50.000022229607254 97.74109669009127 2.2589033099087277 7e+04
5e+10 50.000021704225354 97.74109623206418 2.2589037679358173 7e+04
5e+10 50.00002018592965 97.74109661849396 2.258903381506042 7.1e+04
5e+10 50.000016116465865 97.74109415582242 2.258905844177578 7.1e+04
5e+10 50.000017620862586 97.74109719727993 2.2589028027200713 7.1e+04
5e+10 50.00002912725451 97.74109869466938 2.25890130533062 7.1e+04
5e+10 50.00003308008008 97.74110281581132 2.2588971841886836 7.1e+04
5e+10 50.000039624 97.74110256413104 2.25889743586896 7.1e+04
5e+10 50.000038737262734 97.74110193388674 2.2588980661132587 7.1e+04
5e+10 50.00003888522954 97.74109922781538 2.258900772184615 7.1e+04
5e+10 50.0000330219342 97.74109917681065 2.258900823189349 7.1e+04
5e+10 50.00003339541833 97.74109725375996 2.2589027462400364 7.1e+04
5e+10 50.00002996218905 97.74110080238752 2.2588991976124846 7.1e+04
5e+10 50.000034630218686 97.74109865995239 2.2589013400476166 7.1e+04
5e+10 50.00004270307845 97.74109603649232 2.2589039635076813 7.1e+04
5e+10 50.000044350198415 97.74109628143434 2.25890371856566 7.2e+04
5e+10 50.00004805748266 97.741095875803 2.258904124197007 7.2e+04
5.1e+10 50.00005884653466 97.74109701698809 2.258902983011905 7.2e+04
5.1e+10 50.00005517804154 97.74109977473292 2.2589002252670807 7.2e+04
5.1e+10 50.00005549110672 97.741100985237 2.2588990147630046 7.2e+04
5.1e+10 50.00005681934847 97.74110350478904 2.258896495210968 7.2e+04
5.1e+10 50.000054636094674 97.74110336183693 2.258896638163064 7.2e+04
5.1e+10 50.00006013596059 97.74110280154812 2.2588971984518778 7.2e+04
5.1e+10 50.00004822736221 97.74109925165114 2.258900748348863 7.2e+04
5.1e+10 50.00005245427729 97.74109640518134 2.2589035948186593 7.2e+04
5.1e+10 50.00005801866405 97.74110296301052 2.2588970369894756 7.2e+04
srun: Job step aborted: Waiting up to 32 seconds for job step to finish.
slurmstepd: error: *** STEP 13268056.0 ON csl34 CANCELLED AT 2023-02-08T13:52:25 DUE TO TIME LIMIT ***
slurmstepd: error: *** JOB 13268056 ON csl34 CANCELLED AT 2023-02-08T13:52:25 DUE TO TIME LIMIT ***
