Tue 7 Feb 17:15:57 EET 2023
Cluster:  triton
Job Name:  Run.sh
Job ID:  13266451
On Node:  csl24
Hello Trition, is it running now?
N = 10^ 3
Probability that the initial condition was met:  49.1  %
Probability that the test was met under the intital condition:  97.75967413441956  %
Probability that the test2 was met under the intital condition: :  2.240325865580448  %
This run took  0.0011363029479980469  seconds
N = 10^ 4
Probability that the initial condition was met:  49.55  %
Probability that the test was met under the intital condition:  97.71947527749748  %
Probability that the test2 was met under the intital condition: :  2.280524722502523  %
This run took  0.006925821304321289  seconds
N = 10^ 5
Probability that the initial condition was met:  49.894  %
Probability that the test was met under the intital condition:  97.67106265282399  %
Probability that the test2 was met under the intital condition: :  2.328937347176013  %
This run took  0.07001757621765137  seconds
N = 10^ 6
Probability that the initial condition was met:  50.0546  %
Probability that the test was met under the intital condition:  97.70550558789802  %
Probability that the test2 was met under the intital condition: :  2.294494412101985  %
This run took  0.6948637962341309  seconds
N = 10^ 7
Probability that the initial condition was met:  49.98416  %
Probability that the test was met under the intital condition:  97.74250482552873  %
Probability that the test2 was met under the intital condition: :  2.2574951744712726  %
This run took  6.869158983230591  seconds
N = 10^ 8
Probability that the initial condition was met:  50.008749  %
Probability that the test was met under the intital condition:  97.74200710359702  %
Probability that the test2 was met under the intital condition: :  2.2579928964029876  %
This run took  68.28695702552795  seconds
N = 10^ 9
Probability that the initial condition was met:  49.9984722  %
Probability that the test was met under the intital condition:  97.7413985861752  %
Probability that the test2 was met under the intital condition: :  2.2586014138248007  %
This run took  685.6708347797394  seconds
